<?xml version='1.0' encoding='UTF-8'?>
<testsuite hostname="COE-CS-pc37.OU.AD3.UCDAVIS.EDU" name="dinocpu.BranchTesterLab3" tests="18" errors="0" failures="0" skipped="0" time="16.467" timestamp="2023-05-02T20:59:41">
                     <properties>
      <property name="awt.toolkit" value="sun.awt.X11.XToolkit"/><property name="java.specification.version" value="11"/><property name="sun.cpu.isalist" value=""/><property name="sun.jnu.encoding" value="ANSI_X3.4-1968"/><property name="sun.arch.data.model" value="64"/><property name="java.vendor.url" value="https://ubuntu.com/"/><property name="sun.boot.library.path" value="/usr/lib/jvm/java-11-openjdk-amd64/lib"/><property name="sun.java.command" value="/home/sbt-user/.cache/sbt/boot/sbt-launch/1.8.0/sbt-launch-1.8.0.jar"/><property name="jdk.debug" value="release"/><property name="java.specification.vendor" value="Oracle Corporation"/><property name="java.version.date" value="2022-10-18"/><property name="java.home" value="/usr/lib/jvm/java-11-openjdk-amd64"/><property name="file.separator" value="/"/><property name="java.vm.compressedOopsMode" value="Zero based"/><property name="line.separator" value="
"/><property name="java.specification.name" value="Java Platform API Specification"/><property name="java.vm.specification.vendor" value="Oracle Corporation"/><property name="sun.management.compiler" value="HotSpot 64-Bit Tiered Compilers"/><property name="java.runtime.version" value="11.0.17+8-post-Ubuntu-1ubuntu222.04"/><property name="user.name" value="kaustavg"/><property name="file.encoding" value="UTF-8"/><property name="jnidispatch.path" value="/tmp/jna-1150024274/jna12587013839382876629.tmp"/><property name="jna.loaded" value="true"/><property name="java.io.tmpdir" value="/tmp"/><property name="java.version" value="11.0.17"/><property name="java.vm.specification.name" value="Java Virtual Machine Specification"/><property name="java.awt.printerjob" value="sun.print.PSPrinterJob"/><property name="sun.os.patch.level" value="unknown"/><property name="java.library.path" value="/.singularity.d/libs:/usr/java/packages/lib:/usr/lib/x86_64-linux-gnu/jni:/lib/x86_64-linux-gnu:/usr/lib/x86_64-linux-gnu:/usr/lib/jni:/lib:/usr/lib"/><property name="java.vendor" value="Ubuntu"/><property name="scala.ext.dirs" value="/home/kaustavg/.sbt/1.0/java9-rt-ext-ubuntu_11_0_17"/><property name="sun.io.unicode.encoding" value="UnicodeLittle"/><property name="java.class.path" value="/home/sbt-user/.cache/sbt/boot/sbt-launch/1.8.0/sbt-launch-1.8.0.jar"/><property name="java.vm.vendor" value="Ubuntu"/><property name="jline.shutdownhook" value="false"/><property name="user.timezone" value="GMT"/><property name="os.name" value="Linux"/><property name="java.vm.specification.version" value="11"/><property name="sun.java.launcher" value="SUN_STANDARD"/><property name="user.country" value="US"/><property name="sun.cpu.endian" value="little"/><property name="user.home" value="/home/kaustavg"/><property name="user.language" value="en"/><property name="sbt.script" value="/usr/bin/sbt"/><property name="java.awt.graphicsenv" value="sun.awt.X11GraphicsEnvironment"/><property name="jline.esc.timeout" value="0"/><property name="path.separator" value=":"/><property name="os.version" value="5.15.0-71-generic"/><property name="jna.nosys" value="true"/><property name="java.runtime.name" value="OpenJDK Runtime Environment"/><property name="java.vm.name" value="OpenJDK 64-Bit Server VM"/><property name="jna.platform.library.path" value="/usr/lib/x86_64-linux-gnu:/lib/x86_64-linux-gnu:/usr/lib64:/lib64:/usr/lib:/lib"/><property name="java.vendor.url.bug" value="https://bugs.launchpad.net/ubuntu/+source/openjdk-lts"/><property name="user.dir" value="/home/kaustavg/TA/ECS154B/A3/base/dinocpu-assignment3"/><property name="os.arch" value="amd64"/><property name="java.vm.info" value="mixed mode, sharing"/><property name="java.vm.version" value="11.0.17+8-post-Ubuntu-1ubuntu222.04"/><property name="java.class.version" value="55.0"/>
    </properties>
                     <testcase classname="dinocpu.BranchTesterLab3" name="Pipelined CPU should run branch instruction beq-False" time="4.209">
                                                 
                                               </testcase><testcase classname="dinocpu.BranchTesterLab3" name="Pipelined CPU should run branch instruction beq-True" time="1.17">
                                                 
                                               </testcase><testcase classname="dinocpu.BranchTesterLab3" name="Pipelined CPU should run branch instruction bne-False" time="0.833">
                                                 
                                               </testcase><testcase classname="dinocpu.BranchTesterLab3" name="Pipelined CPU should run branch instruction bne-True" time="0.816">
                                                 
                                               </testcase><testcase classname="dinocpu.BranchTesterLab3" name="Pipelined CPU should run branch instruction blt-False" time="0.734">
                                                 
                                               </testcase><testcase classname="dinocpu.BranchTesterLab3" name="Pipelined CPU should run branch instruction blt-False-equal" time="0.68">
                                                 
                                               </testcase><testcase classname="dinocpu.BranchTesterLab3" name="Pipelined CPU should run branch instruction blt-True" time="0.676">
                                                 
                                               </testcase><testcase classname="dinocpu.BranchTesterLab3" name="Pipelined CPU should run branch instruction blt-False-signed" time="0.7">
                                                 
                                               </testcase><testcase classname="dinocpu.BranchTesterLab3" name="Pipelined CPU should run branch instruction blt-True-signed" time="0.625">
                                                 
                                               </testcase><testcase classname="dinocpu.BranchTesterLab3" name="Pipelined CPU should run branch instruction bge-False" time="0.69">
                                                 
                                               </testcase><testcase classname="dinocpu.BranchTesterLab3" name="Pipelined CPU should run branch instruction bge-True" time="0.692">
                                                 
                                               </testcase><testcase classname="dinocpu.BranchTesterLab3" name="Pipelined CPU should run branch instruction bge-False-signed" time="0.632">
                                                 
                                               </testcase><testcase classname="dinocpu.BranchTesterLab3" name="Pipelined CPU should run branch instruction bge-True-signed" time="0.651">
                                                 
                                               </testcase><testcase classname="dinocpu.BranchTesterLab3" name="Pipelined CPU should run branch instruction bge-True-equal" time="0.672">
                                                 
                                               </testcase><testcase classname="dinocpu.BranchTesterLab3" name="Pipelined CPU should run branch instruction bltu-False" time="0.688">
                                                 
                                               </testcase><testcase classname="dinocpu.BranchTesterLab3" name="Pipelined CPU should run branch instruction bltu-True" time="0.66">
                                                 
                                               </testcase><testcase classname="dinocpu.BranchTesterLab3" name="Pipelined CPU should run branch instruction bgeu-False" time="0.705">
                                                 
                                               </testcase><testcase classname="dinocpu.BranchTesterLab3" name="Pipelined CPU should run branch instruction bgeu-True" time="0.634">
                                                 
                                               </testcase>
                     <system-out><![CDATA[]]></system-out>
                     <system-err><![CDATA[]]></system-err>
                   </testsuite>